<?xml version="1.0" encoding="utf-8"?>
<TestRun id="9a68ac34-4f4e-4cee-aed8-d0ef1ce17c79" name="laura.mercedes@RD-LAP-MIS-GUZ 2022-05-20 20:16:14" runUser="GB\laura.mercedes" xmlns="http://microsoft.com/schemas/VisualStudio/TeamTest/2010">
  <Times creation="2022-05-20T20:16:14.5432828-04:00" queuing="2022-05-20T20:16:14.5432837-04:00" start="2022-05-20T20:16:13.8156946-04:00" finish="2022-05-20T20:16:14.5484293-04:00" />
  <TestSettings name="default" id="19989260-b8e2-4ee9-bb42-ad7791876c71">
    <Deployment runDeploymentRoot="laura.mercedes_RD-LAP-MIS-GUZ_2022-05-20_20_16_14" />
  </TestSettings>
  <Results>
    <UnitTestResult executionId="600906ee-ad8a-4c94-8014-45114eb9c885" testId="71b55203-9f41-f140-7b8a-b173669f83d5" testName="FetchOnlyRequestedGameRegion(&quot;Messier 82&quot;)" computerName="RD-LAP-MIS-GUZ" duration="00:00:00.0000530" startTime="2022-05-20T20:16:14.4418720-04:00" endTime="2022-05-20T20:16:14.4419248-04:00" testType="13cdc9d9-ddb5-4fa4-a97d-d965ccfc6d4b" outcome="Passed" testListId="8c84fa94-04c1-424b-9868-57a2d4851a1d" relativeResultsDirectory="600906ee-ad8a-4c94-8014-45114eb9c885" />
    <UnitTestResult executionId="aa4cf859-7624-4002-9766-a0bb5d7af655" testId="dd69ca11-8574-49f6-142c-a0d7db5e68b0" testName="FetchOnlyRequestedGameRegion(&quot;NGC 1300&quot;)" computerName="RD-LAP-MIS-GUZ" duration="00:00:00.0000600" startTime="2022-05-20T20:16:14.4418088-04:00" endTime="2022-05-20T20:16:14.4418682-04:00" testType="13cdc9d9-ddb5-4fa4-a97d-d965ccfc6d4b" outcome="Passed" testListId="8c84fa94-04c1-424b-9868-57a2d4851a1d" relativeResultsDirectory="aa4cf859-7624-4002-9766-a0bb5d7af655" />
    <UnitTestResult executionId="f73a0d66-8009-40f2-9047-d26f029d600d" testId="a665ae80-d9ef-3d21-de02-f9894a2373ef" testName="FetchOnlyRequestedGameRegion(&quot;Milky Way&quot;)" computerName="RD-LAP-MIS-GUZ" duration="00:00:00.0234920" startTime="2022-05-20T20:16:14.4169788-04:00" endTime="2022-05-20T20:16:14.4403817-04:00" testType="13cdc9d9-ddb5-4fa4-a97d-d965ccfc6d4b" outcome="Passed" testListId="8c84fa94-04c1-424b-9868-57a2d4851a1d" relativeResultsDirectory="f73a0d66-8009-40f2-9047-d26f029d600d" />
    <UnitTestResult executionId="982e063d-3a6f-400d-9a18-f0d52d4a1aaa" testId="8158b57c-2d66-8b32-96cb-f229ab2b8992" testName="FetchOnlyRequestedGameRegion(&quot;Andromeda&quot;)" computerName="RD-LAP-MIS-GUZ" duration="00:00:00.0001970" startTime="2022-05-20T20:16:14.4415315-04:00" endTime="2022-05-20T20:16:14.4417287-04:00" testType="13cdc9d9-ddb5-4fa4-a97d-d965ccfc6d4b" outcome="Passed" testListId="8c84fa94-04c1-424b-9868-57a2d4851a1d" relativeResultsDirectory="982e063d-3a6f-400d-9a18-f0d52d4a1aaa" />
    <UnitTestResult executionId="3f9fc6d2-7e7d-41cc-b8a1-775934b23efc" testId="e6aa1db8-79bb-5f9e-f506-6e6015603603" testName="FetchOnlyRequestedGameRegion(&quot;Pinwheel&quot;)" computerName="RD-LAP-MIS-GUZ" duration="00:00:00.0000660" startTime="2022-05-20T20:16:14.4417391-04:00" endTime="2022-05-20T20:16:14.4418046-04:00" testType="13cdc9d9-ddb5-4fa4-a97d-d965ccfc6d4b" outcome="Passed" testListId="8c84fa94-04c1-424b-9868-57a2d4851a1d" relativeResultsDirectory="3f9fc6d2-7e7d-41cc-b8a1-775934b23efc" />
  </Results>
  <TestDefinitions>
    <UnitTest name="FetchOnlyRequestedGameRegion(&quot;Milky Way&quot;)" storage="c:\users\laura.mercedes\desktop\mslearn-tailspin-spacegame-web\mslearn-tailspin-spacegame-web\tailspin.spacegame.web.tests\bin\release\net5.0\tailspin.spacegame.web.tests.dll" id="a665ae80-d9ef-3d21-de02-f9894a2373ef">
      <Execution id="f73a0d66-8009-40f2-9047-d26f029d600d" />
      <TestMethod codeBase="C:\Users\laura.mercedes\Desktop\mslearn-tailspin-spacegame-web\mslearn-tailspin-spacegame-web\Tailspin.SpaceGame.Web.Tests\bin\Release\net5.0\Tailspin.SpaceGame.Web.Tests.dll" adapterTypeName="executor://nunit3testexecutor/" className="Tests.DocumentDBRepository_GetItemsAsyncShould" name="FetchOnlyRequestedGameRegion(&quot;Milky Way&quot;)" />
    </UnitTest>
    <UnitTest name="FetchOnlyRequestedGameRegion(&quot;Messier 82&quot;)" storage="c:\users\laura.mercedes\desktop\mslearn-tailspin-spacegame-web\mslearn-tailspin-spacegame-web\tailspin.spacegame.web.tests\bin\release\net5.0\tailspin.spacegame.web.tests.dll" id="71b55203-9f41-f140-7b8a-b173669f83d5">
      <Execution id="600906ee-ad8a-4c94-8014-45114eb9c885" />
      <TestMethod codeBase="C:\Users\laura.mercedes\Desktop\mslearn-tailspin-spacegame-web\mslearn-tailspin-spacegame-web\Tailspin.SpaceGame.Web.Tests\bin\Release\net5.0\Tailspin.SpaceGame.Web.Tests.dll" adapterTypeName="executor://nunit3testexecutor/" className="Tests.DocumentDBRepository_GetItemsAsyncShould" name="FetchOnlyRequestedGameRegion(&quot;Messier 82&quot;)" />
    </UnitTest>
    <UnitTest name="FetchOnlyRequestedGameRegion(&quot;NGC 1300&quot;)" storage="c:\users\laura.mercedes\desktop\mslearn-tailspin-spacegame-web\mslearn-tailspin-spacegame-web\tailspin.spacegame.web.tests\bin\release\net5.0\tailspin.spacegame.web.tests.dll" id="dd69ca11-8574-49f6-142c-a0d7db5e68b0">
      <Execution id="aa4cf859-7624-4002-9766-a0bb5d7af655" />
      <TestMethod codeBase="C:\Users\laura.mercedes\Desktop\mslearn-tailspin-spacegame-web\mslearn-tailspin-spacegame-web\Tailspin.SpaceGame.Web.Tests\bin\Release\net5.0\Tailspin.SpaceGame.Web.Tests.dll" adapterTypeName="executor://nunit3testexecutor/" className="Tests.DocumentDBRepository_GetItemsAsyncShould" name="FetchOnlyRequestedGameRegion(&quot;NGC 1300&quot;)" />
    </UnitTest>
    <UnitTest name="FetchOnlyRequestedGameRegion(&quot;Pinwheel&quot;)" storage="c:\users\laura.mercedes\desktop\mslearn-tailspin-spacegame-web\mslearn-tailspin-spacegame-web\tailspin.spacegame.web.tests\bin\release\net5.0\tailspin.spacegame.web.tests.dll" id="e6aa1db8-79bb-5f9e-f506-6e6015603603">
      <Execution id="3f9fc6d2-7e7d-41cc-b8a1-775934b23efc" />
      <TestMethod codeBase="C:\Users\laura.mercedes\Desktop\mslearn-tailspin-spacegame-web\mslearn-tailspin-spacegame-web\Tailspin.SpaceGame.Web.Tests\bin\Release\net5.0\Tailspin.SpaceGame.Web.Tests.dll" adapterTypeName="executor://nunit3testexecutor/" className="Tests.DocumentDBRepository_GetItemsAsyncShould" name="FetchOnlyRequestedGameRegion(&quot;Pinwheel&quot;)" />
    </UnitTest>
    <UnitTest name="FetchOnlyRequestedGameRegion(&quot;Andromeda&quot;)" storage="c:\users\laura.mercedes\desktop\mslearn-tailspin-spacegame-web\mslearn-tailspin-spacegame-web\tailspin.spacegame.web.tests\bin\release\net5.0\tailspin.spacegame.web.tests.dll" id="8158b57c-2d66-8b32-96cb-f229ab2b8992">
      <Execution id="982e063d-3a6f-400d-9a18-f0d52d4a1aaa" />
      <TestMethod codeBase="C:\Users\laura.mercedes\Desktop\mslearn-tailspin-spacegame-web\mslearn-tailspin-spacegame-web\Tailspin.SpaceGame.Web.Tests\bin\Release\net5.0\Tailspin.SpaceGame.Web.Tests.dll" adapterTypeName="executor://nunit3testexecutor/" className="Tests.DocumentDBRepository_GetItemsAsyncShould" name="FetchOnlyRequestedGameRegion(&quot;Andromeda&quot;)" />
    </UnitTest>
  </TestDefinitions>
  <TestEntries>
    <TestEntry testId="71b55203-9f41-f140-7b8a-b173669f83d5" executionId="600906ee-ad8a-4c94-8014-45114eb9c885" testListId="8c84fa94-04c1-424b-9868-57a2d4851a1d" />
    <TestEntry testId="dd69ca11-8574-49f6-142c-a0d7db5e68b0" executionId="aa4cf859-7624-4002-9766-a0bb5d7af655" testListId="8c84fa94-04c1-424b-9868-57a2d4851a1d" />
    <TestEntry testId="a665ae80-d9ef-3d21-de02-f9894a2373ef" executionId="f73a0d66-8009-40f2-9047-d26f029d600d" testListId="8c84fa94-04c1-424b-9868-57a2d4851a1d" />
    <TestEntry testId="8158b57c-2d66-8b32-96cb-f229ab2b8992" executionId="982e063d-3a6f-400d-9a18-f0d52d4a1aaa" testListId="8c84fa94-04c1-424b-9868-57a2d4851a1d" />
    <TestEntry testId="e6aa1db8-79bb-5f9e-f506-6e6015603603" executionId="3f9fc6d2-7e7d-41cc-b8a1-775934b23efc" testListId="8c84fa94-04c1-424b-9868-57a2d4851a1d" />
  </TestEntries>
  <TestLists>
    <TestList name="Results Not in a List" id="8c84fa94-04c1-424b-9868-57a2d4851a1d" />
    <TestList name="All Loaded Results" id="19431567-8539-422a-85d7-44ee4e166bda" />
  </TestLists>
  <ResultSummary outcome="Completed">
    <Counters total="5" executed="5" passed="5" failed="0" error="0" timeout="0" aborted="0" inconclusive="0" passedButRunAborted="0" notRunnable="0" notExecuted="0" disconnected="0" warning="0" completed="0" inProgress="0" pending="0" />
    <Output>
      <StdOut>NUnit Adapter 3.17.0.0: Test execution started&#xD;
Running all tests in C:\Users\laura.mercedes\Desktop\mslearn-tailspin-spacegame-web\mslearn-tailspin-spacegame-web\Tailspin.SpaceGame.Web.Tests\bin\Release\net5.0\Tailspin.SpaceGame.Web.Tests.dll&#xD;
   NUnit3TestExecutor discovered 5 of 5 NUnit test cases&#xD;
NUnit Adapter 3.17.0.0: Test execution complete&#xD;
</StdOut>
    </Output>
  </ResultSummary>
</TestRun>